INFO: [VRFC 10-2263] Analyzing SystemVerilog file "D:/work/251017_RISC_V_MulltiCycle/251017_RISC_V_MulltiCycle.srcs/sources_1/imports/code/CPU_RV32I.sv" into library xil_defaultlib
INFO: [VRFC 10-311] analyzing module CPU_RV32I
INFO: [VRFC 10-2263] Analyzing SystemVerilog file "D:/work/251017_RISC_V_MulltiCycle/251017_RISC_V_MulltiCycle.srcs/sources_1/imports/code/ControlUnit.sv" into library xil_defaultlib
INFO: [VRFC 10-311] analyzing module ControlUnit
INFO: [VRFC 10-2263] Analyzing SystemVerilog file "D:/work/251017_RISC_V_MulltiCycle/251017_RISC_V_MulltiCycle.srcs/sources_1/imports/code/DataPath.sv" into library xil_defaultlib
INFO: [VRFC 10-311] analyzing module DataPath
INFO: [VRFC 10-311] analyzing module RegisterFile
INFO: [VRFC 10-311] analyzing module alu
INFO: [VRFC 10-311] analyzing module registerEn
INFO: [VRFC 10-311] analyzing module register
INFO: [VRFC 10-311] analyzing module adder
INFO: [VRFC 10-311] analyzing module mux_2x1
INFO: [VRFC 10-311] analyzing module mux_5x1
INFO: [VRFC 10-311] analyzing module immExtend
INFO: [VRFC 10-2263] Analyzing SystemVerilog file "D:/work/251017_RISC_V_MulltiCycle/251017_RISC_V_MulltiCycle.srcs/sources_1/imports/code/MCU.sv" into library xil_defaultlib
INFO: [VRFC 10-311] analyzing module MCU
INFO: [VRFC 10-2263] Analyzing SystemVerilog file "D:/work/251017_RISC_V_MulltiCycle/251017_RISC_V_MulltiCycle.srcs/sources_1/imports/code/RAM.sv" into library xil_defaultlib
INFO: [VRFC 10-311] analyzing module RAM
INFO: [VRFC 10-2263] Analyzing SystemVerilog file "D:/work/251017_RISC_V_MulltiCycle/251017_RISC_V_MulltiCycle.srcs/sources_1/imports/code/ROM.sv" into library xil_defaultlib
INFO: [VRFC 10-311] analyzing module ROM
